2022-12-27 08:35:50,791 [main] INFO (AbstractApplicationContext.java:513) ­ Refreshing org.springframework.context.support.ClassPathXmlApplicationContext@6fe7aac8: startup date [Tue Dec 27 08:35:50 WIB 2022]; root of context hierarchy
2022-12-27 08:35:50,853 [main] INFO (XmlBeanDefinitionReader.java:316) ­ Loading XML bean definitions from URL [file:/D:/Andri/Project/Pembukuan%205/build/classes/applicationContext.xml]
2022-12-27 08:35:51,833 [main] INFO (PropertiesLoaderSupport.java:172) ­ Loading properties file from class path resource [database.properties]
2022-12-27 08:35:51,985 [main] INFO (DriverManagerDataSource.java:133) ­ Loaded JDBC driver: org.h2.Driver
2022-12-27 08:35:52,310 [main] INFO (JavaReflectionManager.java:66) ­ HCANN000001: Hibernate Commons Annotations {4.0.4.Final}
2022-12-27 08:35:52,319 [main] INFO (Version.java:54) ­ HHH000412: Hibernate Core {4.3.1.Final}
2022-12-27 08:35:52,322 [main] INFO (Environment.java:239) ­ HHH000206: hibernate.properties not found
2022-12-27 08:35:52,323 [main] INFO (Environment.java:346) ­ HHH000021: Bytecode provider name : javassist
2022-12-27 08:35:52,350 [main] INFO (Configuration.java:2109) ­ HHH000044: Configuring from URL: file:/D:/Andri/Project/Pembukuan%205/build/classes/hibernate.cfg.xml
2022-12-27 08:35:52,458 [main] WARN (DTDEntityResolver.java:75) ­ HHH000223: Recognized obsolete hibernate namespace http://hibernate.sourceforge.net/. Use namespace http://www.hibernate.org/dtd/ instead. Refer to Hibernate 3.6 Migration Guide!
2022-12-27 08:35:52,513 [main] INFO (Configuration.java:2214) ­ HHH000041: Configured SessionFactory: null
2022-12-27 08:35:53,566 [main] INFO (Dialect.java:145) ­ HHH000400: Using dialect: org.hibernate.dialect.H2Dialect
2022-12-27 08:35:53,891 [main] INFO (TransactionFactoryInitiator.java:62) ­ HHH000399: Using default transaction strategy (direct JDBC transactions)
2022-12-27 08:35:53,912 [main] INFO (ASTQueryTranslatorFactory.java:47) ­ HHH000397: Using ASTQueryTranslatorFactory
2022-12-27 08:35:54,745 [main] INFO (HibernateTransactionManager.java:341) ­ Using DataSource [org.springframework.jdbc.datasource.DriverManagerDataSource@2b680207] of Hibernate SessionFactory for HibernateTransactionManager
2022-12-27 08:36:13,544 [Thread-1] INFO (AbstractApplicationContext.java:873) ­ Closing org.springframework.context.support.ClassPathXmlApplicationContext@6fe7aac8: startup date [Tue Dec 27 08:35:50 WIB 2022]; root of context hierarchy
2022-12-27 08:36:40,680 [main] INFO (AbstractApplicationContext.java:513) ­ Refreshing org.springframework.context.support.ClassPathXmlApplicationContext@7ca48474: startup date [Tue Dec 27 08:36:40 WIB 2022]; root of context hierarchy
2022-12-27 08:36:40,699 [main] INFO (XmlBeanDefinitionReader.java:316) ­ Loading XML bean definitions from class path resource [applicationContext.xml]
2022-12-27 08:36:41,077 [main] INFO (PropertiesLoaderSupport.java:172) ­ Loading properties file from class path resource [database.properties]
2022-12-27 08:36:41,135 [main] INFO (DriverManagerDataSource.java:133) ­ Loaded JDBC driver: org.h2.Driver
2022-12-27 08:36:41,220 [main] INFO (JavaReflectionManager.java:66) ­ HCANN000001: Hibernate Commons Annotations {4.0.4.Final}
2022-12-27 08:36:41,222 [main] INFO (Version.java:54) ­ HHH000412: Hibernate Core {4.3.1.Final}
2022-12-27 08:36:41,228 [main] INFO (Environment.java:239) ­ HHH000206: hibernate.properties not found
2022-12-27 08:36:41,230 [main] INFO (Environment.java:346) ­ HHH000021: Bytecode provider name : javassist
2022-12-27 08:36:41,249 [main] INFO (Configuration.java:2109) ­ HHH000044: Configuring from URL: file:/D:/Andri/Project/Pembukuan%205/build/classes/hibernate.cfg.xml
2022-12-27 08:36:41,277 [main] WARN (DTDEntityResolver.java:75) ­ HHH000223: Recognized obsolete hibernate namespace http://hibernate.sourceforge.net/. Use namespace http://www.hibernate.org/dtd/ instead. Refer to Hibernate 3.6 Migration Guide!
2022-12-27 08:36:41,332 [main] INFO (Configuration.java:2214) ­ HHH000041: Configured SessionFactory: null
2022-12-27 08:36:41,740 [main] INFO (Dialect.java:145) ­ HHH000400: Using dialect: org.hibernate.dialect.H2Dialect
2022-12-27 08:36:42,058 [main] INFO (TransactionFactoryInitiator.java:62) ­ HHH000399: Using default transaction strategy (direct JDBC transactions)
2022-12-27 08:36:42,061 [main] INFO (ASTQueryTranslatorFactory.java:47) ­ HHH000397: Using ASTQueryTranslatorFactory
2022-12-27 08:36:42,415 [main] INFO (HibernateTransactionManager.java:341) ­ Using DataSource [org.springframework.jdbc.datasource.DriverManagerDataSource@71466383] of Hibernate SessionFactory for HibernateTransactionManager
2022-12-27 08:36:42,420 [main] INFO (Configuration.java:2073) ­ HHH000043: Configuring from resource: hibernate.cfg.xml
2022-12-27 08:36:42,421 [main] INFO (Configuration.java:2092) ­ HHH000040: Configuration resource: hibernate.cfg.xml
2022-12-27 08:36:42,423 [main] WARN (DTDEntityResolver.java:75) ­ HHH000223: Recognized obsolete hibernate namespace http://hibernate.sourceforge.net/. Use namespace http://www.hibernate.org/dtd/ instead. Refer to Hibernate 3.6 Migration Guide!
2022-12-27 08:36:42,429 [main] INFO (Configuration.java:2214) ­ HHH000041: Configured SessionFactory: null
2022-12-27 08:36:42,553 [main] INFO (Dialect.java:145) ­ HHH000400: Using dialect: org.hibernate.dialect.H2Dialect
2022-12-27 08:36:42,576 [main] INFO (SchemaExport.java:343) ­ HHH000227: Running hbm2ddl schema export
2022-12-27 08:36:42,578 [main] ERROR (SchemaExport.java:425) ­ HHH000389: Unsuccessful: alter table Belanja drop constraint FK_h8a3undjmw5c2ys2u52nccsic if exists
2022-12-27 08:36:42,580 [main] ERROR (SchemaExport.java:426) ­ Table "BELANJA" not found; SQL statement:

    alter table Belanja 
        drop constraint FK_h8a3undjmw5c2ys2u52nccsic if exists [42102-176]
2022-12-27 08:36:42,591 [main] ERROR (SchemaExport.java:425) ­ HHH000389: Unsuccessful: alter table BelanjaDetail drop constraint FK_6svkgbgrweqmebo2013o0pstk if exists
2022-12-27 08:36:42,591 [main] ERROR (SchemaExport.java:426) ­ Table "BELANJADETAIL" not found; SQL statement:

    alter table BelanjaDetail 
        drop constraint FK_6svkgbgrweqmebo2013o0pstk if exists [42102-176]
2022-12-27 08:36:42,591 [main] ERROR (SchemaExport.java:425) ­ HHH000389: Unsuccessful: alter table JurnalUmumModel drop constraint FK_jajoh99egb76rvtyasq2urw2a if exists
2022-12-27 08:36:42,591 [main] ERROR (SchemaExport.java:426) ­ Table "JURNALUMUMMODEL" not found; SQL statement:

    alter table JurnalUmumModel 
        drop constraint FK_jajoh99egb76rvtyasq2urw2a if exists [42102-176]
2022-12-27 08:36:42,608 [main] ERROR (SchemaExport.java:425) ­ HHH000389: Unsuccessful: alter table JurnalUmumModel drop constraint FK_2eseju2v3kg2s91xqxdop3dl2 if exists
2022-12-27 08:36:42,608 [main] ERROR (SchemaExport.java:426) ­ Table "JURNALUMUMMODEL" not found; SQL statement:

    alter table JurnalUmumModel 
        drop constraint FK_2eseju2v3kg2s91xqxdop3dl2 if exists [42102-176]
2022-12-27 08:36:42,608 [main] ERROR (SchemaExport.java:425) ­ HHH000389: Unsuccessful: alter table JurnalUmumPribadi drop constraint FK_oeyel90wiciuopx97o7ny2de9 if exists
2022-12-27 08:36:42,609 [main] ERROR (SchemaExport.java:426) ­ Table "JURNALUMUMPRIBADI" not found; SQL statement:

    alter table JurnalUmumPribadi 
        drop constraint FK_oeyel90wiciuopx97o7ny2de9 if exists [42102-176]
2022-12-27 08:36:42,609 [main] ERROR (SchemaExport.java:425) ­ HHH000389: Unsuccessful: alter table JurnalUmumPribadi drop constraint FK_b2j3ckj8lbmk8fn4h3ueqllu7 if exists
2022-12-27 08:36:42,609 [main] ERROR (SchemaExport.java:426) ­ Table "JURNALUMUMPRIBADI" not found; SQL statement:

    alter table JurnalUmumPribadi 
        drop constraint FK_b2j3ckj8lbmk8fn4h3ueqllu7 if exists [42102-176]
2022-12-27 08:36:42,609 [main] ERROR (SchemaExport.java:425) ­ HHH000389: Unsuccessful: alter table Pesanan drop constraint FK_c3uvbwxlltqr29mmqdwrq2iii if exists
2022-12-27 08:36:42,610 [main] ERROR (SchemaExport.java:426) ­ Table "PESANAN" not found; SQL statement:

    alter table Pesanan 
        drop constraint FK_c3uvbwxlltqr29mmqdwrq2iii if exists [42102-176]
2022-12-27 08:36:42,610 [main] ERROR (SchemaExport.java:425) ­ HHH000389: Unsuccessful: alter table PesananDetail drop constraint FK_cn1ndymv9ws5y6ejeh5fqe5e7 if exists
2022-12-27 08:36:42,610 [main] ERROR (SchemaExport.java:426) ­ Table "PESANANDETAIL" not found; SQL statement:

    alter table PesananDetail 
        drop constraint FK_cn1ndymv9ws5y6ejeh5fqe5e7 if exists [42102-176]
2022-12-27 08:36:42,610 [main] ERROR (SchemaExport.java:425) ­ HHH000389: Unsuccessful: alter table PesananDetail drop constraint FK_48itmrq8ka907bjy4oy94xfsu if exists
2022-12-27 08:36:42,611 [main] ERROR (SchemaExport.java:426) ­ Table "PESANANDETAIL" not found; SQL statement:

    alter table PesananDetail 
        drop constraint FK_48itmrq8ka907bjy4oy94xfsu if exists [42102-176]
2022-12-27 08:36:42,642 [main] INFO (SchemaExport.java:405) ­ HHH000230: Schema export complete
2022-12-27 08:36:42,642 [main] INFO (Dialect.java:145) ­ HHH000400: Using dialect: org.hibernate.dialect.H2Dialect
2022-12-27 08:36:42,751 [main] INFO (Dialect.java:145) ­ HHH000400: Using dialect: org.hibernate.dialect.H2Dialect
2022-12-27 08:36:42,763 [main] INFO (SchemaExport.java:343) ­ HHH000227: Running hbm2ddl schema export
2022-12-27 08:36:42,953 [main] INFO (SchemaExport.java:405) ­ HHH000230: Schema export complete
2022-12-27 08:36:43,187 [Thread-2] INFO (AbstractApplicationContext.java:873) ­ Closing org.springframework.context.support.ClassPathXmlApplicationContext@7ca48474: startup date [Tue Dec 27 08:36:40 WIB 2022]; root of context hierarchy
2022-12-27 08:36:47,365 [main] INFO (AbstractApplicationContext.java:513) ­ Refreshing org.springframework.context.support.ClassPathXmlApplicationContext@6fe7aac8: startup date [Tue Dec 27 08:36:47 WIB 2022]; root of context hierarchy
2022-12-27 08:36:47,384 [main] INFO (XmlBeanDefinitionReader.java:316) ­ Loading XML bean definitions from URL [file:/D:/Andri/Project/Pembukuan%205/build/classes/applicationContext.xml]
2022-12-27 08:36:47,781 [main] INFO (PropertiesLoaderSupport.java:172) ­ Loading properties file from class path resource [database.properties]
2022-12-27 08:36:47,853 [main] INFO (DriverManagerDataSource.java:133) ­ Loaded JDBC driver: org.h2.Driver
2022-12-27 08:36:47,944 [main] INFO (JavaReflectionManager.java:66) ­ HCANN000001: Hibernate Commons Annotations {4.0.4.Final}
2022-12-27 08:36:47,945 [main] INFO (Version.java:54) ­ HHH000412: Hibernate Core {4.3.1.Final}
2022-12-27 08:36:47,950 [main] INFO (Environment.java:239) ­ HHH000206: hibernate.properties not found
2022-12-27 08:36:47,952 [main] INFO (Environment.java:346) ­ HHH000021: Bytecode provider name : javassist
2022-12-27 08:36:47,955 [main] INFO (Configuration.java:2109) ­ HHH000044: Configuring from URL: file:/D:/Andri/Project/Pembukuan%205/build/classes/hibernate.cfg.xml
2022-12-27 08:36:47,989 [main] WARN (DTDEntityResolver.java:75) ­ HHH000223: Recognized obsolete hibernate namespace http://hibernate.sourceforge.net/. Use namespace http://www.hibernate.org/dtd/ instead. Refer to Hibernate 3.6 Migration Guide!
2022-12-27 08:36:48,034 [main] INFO (Configuration.java:2214) ­ HHH000041: Configured SessionFactory: null
2022-12-27 08:36:48,432 [main] INFO (Dialect.java:145) ­ HHH000400: Using dialect: org.hibernate.dialect.H2Dialect
2022-12-27 08:36:48,930 [main] INFO (TransactionFactoryInitiator.java:62) ­ HHH000399: Using default transaction strategy (direct JDBC transactions)
2022-12-27 08:36:48,962 [main] INFO (ASTQueryTranslatorFactory.java:47) ­ HHH000397: Using ASTQueryTranslatorFactory
2022-12-27 08:36:49,403 [main] INFO (HibernateTransactionManager.java:341) ­ Using DataSource [org.springframework.jdbc.datasource.DriverManagerDataSource@2b680207] of Hibernate SessionFactory for HibernateTransactionManager
2022-12-27 08:38:36,904 [main] INFO (AbstractApplicationContext.java:513) ­ Refreshing org.springframework.context.support.ClassPathXmlApplicationContext@6fe7aac8: startup date [Tue Dec 27 08:38:36 WIB 2022]; root of context hierarchy
2022-12-27 08:38:36,942 [main] INFO (XmlBeanDefinitionReader.java:316) ­ Loading XML bean definitions from URL [file:/D:/Andri/Project/Pembukuan%205/build/classes/applicationContext.xml]
2022-12-27 08:38:37,410 [main] INFO (PropertiesLoaderSupport.java:172) ­ Loading properties file from class path resource [database.properties]
2022-12-27 08:38:37,479 [main] INFO (DriverManagerDataSource.java:133) ­ Loaded JDBC driver: org.h2.Driver
2022-12-27 08:38:37,565 [main] INFO (JavaReflectionManager.java:66) ­ HCANN000001: Hibernate Commons Annotations {4.0.4.Final}
2022-12-27 08:38:37,573 [main] INFO (Version.java:54) ­ HHH000412: Hibernate Core {4.3.1.Final}
2022-12-27 08:38:37,579 [main] INFO (Environment.java:239) ­ HHH000206: hibernate.properties not found
2022-12-27 08:38:37,579 [main] INFO (Environment.java:346) ­ HHH000021: Bytecode provider name : javassist
2022-12-27 08:38:37,584 [main] INFO (Configuration.java:2109) ­ HHH000044: Configuring from URL: file:/D:/Andri/Project/Pembukuan%205/build/classes/hibernate.cfg.xml
2022-12-27 08:38:37,631 [main] WARN (DTDEntityResolver.java:75) ­ HHH000223: Recognized obsolete hibernate namespace http://hibernate.sourceforge.net/. Use namespace http://www.hibernate.org/dtd/ instead. Refer to Hibernate 3.6 Migration Guide!
2022-12-27 08:38:37,687 [main] INFO (Configuration.java:2214) ­ HHH000041: Configured SessionFactory: null
2022-12-27 08:38:38,058 [main] INFO (Dialect.java:145) ­ HHH000400: Using dialect: org.hibernate.dialect.H2Dialect
2022-12-27 08:38:38,079 [Thread-1] INFO (AbstractApplicationContext.java:873) ­ Closing org.springframework.context.support.ClassPathXmlApplicationContext@6fe7aac8: startup date [Tue Dec 27 08:36:47 WIB 2022]; root of context hierarchy
2022-12-27 08:38:38,498 [main] INFO (TransactionFactoryInitiator.java:62) ­ HHH000399: Using default transaction strategy (direct JDBC transactions)
2022-12-27 08:38:38,499 [main] INFO (ASTQueryTranslatorFactory.java:47) ­ HHH000397: Using ASTQueryTranslatorFactory
2022-12-27 08:38:39,087 [main] INFO (HibernateTransactionManager.java:341) ­ Using DataSource [org.springframework.jdbc.datasource.DriverManagerDataSource@2b680207] of Hibernate SessionFactory for HibernateTransactionManager
2022-12-27 08:38:51,855 [Thread-1] INFO (AbstractApplicationContext.java:873) ­ Closing org.springframework.context.support.ClassPathXmlApplicationContext@6fe7aac8: startup date [Tue Dec 27 08:38:36 WIB 2022]; root of context hierarchy
2022-12-27 08:39:10,630 [main] INFO (AbstractApplicationContext.java:513) ­ Refreshing org.springframework.context.support.ClassPathXmlApplicationContext@6fe7aac8: startup date [Tue Dec 27 08:39:10 WIB 2022]; root of context hierarchy
2022-12-27 08:39:10,694 [main] INFO (XmlBeanDefinitionReader.java:316) ­ Loading XML bean definitions from URL [file:/D:/Andri/Project/Pembukuan%205/build/classes/applicationContext.xml]
2022-12-27 08:39:11,129 [main] INFO (PropertiesLoaderSupport.java:172) ­ Loading properties file from class path resource [database.properties]
2022-12-27 08:39:11,212 [main] INFO (DriverManagerDataSource.java:133) ­ Loaded JDBC driver: org.h2.Driver
2022-12-27 08:39:11,328 [main] INFO (JavaReflectionManager.java:66) ­ HCANN000001: Hibernate Commons Annotations {4.0.4.Final}
2022-12-27 08:39:11,330 [main] INFO (Version.java:54) ­ HHH000412: Hibernate Core {4.3.1.Final}
2022-12-27 08:39:11,338 [main] INFO (Environment.java:239) ­ HHH000206: hibernate.properties not found
2022-12-27 08:39:11,346 [main] INFO (Environment.java:346) ­ HHH000021: Bytecode provider name : javassist
2022-12-27 08:39:11,366 [main] INFO (Configuration.java:2109) ­ HHH000044: Configuring from URL: file:/D:/Andri/Project/Pembukuan%205/build/classes/hibernate.cfg.xml
2022-12-27 08:39:11,401 [main] WARN (DTDEntityResolver.java:75) ­ HHH000223: Recognized obsolete hibernate namespace http://hibernate.sourceforge.net/. Use namespace http://www.hibernate.org/dtd/ instead. Refer to Hibernate 3.6 Migration Guide!
2022-12-27 08:39:11,442 [main] INFO (Configuration.java:2214) ­ HHH000041: Configured SessionFactory: null
2022-12-27 08:39:11,837 [main] INFO (Dialect.java:145) ­ HHH000400: Using dialect: org.hibernate.dialect.H2Dialect
2022-12-27 08:39:12,158 [main] INFO (TransactionFactoryInitiator.java:62) ­ HHH000399: Using default transaction strategy (direct JDBC transactions)
2022-12-27 08:39:12,159 [main] INFO (ASTQueryTranslatorFactory.java:47) ­ HHH000397: Using ASTQueryTranslatorFactory
2022-12-27 08:39:12,567 [main] INFO (HibernateTransactionManager.java:341) ­ Using DataSource [org.springframework.jdbc.datasource.DriverManagerDataSource@2b680207] of Hibernate SessionFactory for HibernateTransactionManager
2022-12-27 08:39:26,073 [AWT-EventQueue-0] WARN (DefaultExtensionsRegistry.java:194) ­ Extension resource jar:file:/D:/Andri/Project/Pembukuan%205/lib/jasperreports-javaflow-6.4.3.jar!/jasperreports_extension.properties was found to be a duplicate of jar:file:/D:/Andri/Project/Pembukuan%205/lib/jasperreports-6.4.3.jar!/jasperreports_extension.properties in classloader jdk.internal.loader.ClassLoaders$AppClassLoader@73d16e93
2022-12-27 08:40:13,760 [Thread-1] INFO (AbstractApplicationContext.java:873) ­ Closing org.springframework.context.support.ClassPathXmlApplicationContext@6fe7aac8: startup date [Tue Dec 27 08:39:10 WIB 2022]; root of context hierarchy
2022-12-27 08:41:36,114 [main] INFO (AbstractApplicationContext.java:513) ­ Refreshing org.springframework.context.support.ClassPathXmlApplicationContext@6fe7aac8: startup date [Tue Dec 27 08:41:36 WIB 2022]; root of context hierarchy
2022-12-27 08:41:36,149 [main] INFO (XmlBeanDefinitionReader.java:316) ­ Loading XML bean definitions from URL [file:/D:/Andri/Project/Pembukuan%205/build/classes/applicationContext.xml]
2022-12-27 08:41:36,547 [main] INFO (PropertiesLoaderSupport.java:172) ­ Loading properties file from class path resource [database.properties]
2022-12-27 08:41:36,613 [main] INFO (DriverManagerDataSource.java:133) ­ Loaded JDBC driver: org.h2.Driver
2022-12-27 08:41:36,703 [main] INFO (JavaReflectionManager.java:66) ­ HCANN000001: Hibernate Commons Annotations {4.0.4.Final}
2022-12-27 08:41:36,705 [main] INFO (Version.java:54) ­ HHH000412: Hibernate Core {4.3.1.Final}
2022-12-27 08:41:36,711 [main] INFO (Environment.java:239) ­ HHH000206: hibernate.properties not found
2022-12-27 08:41:36,716 [main] INFO (Environment.java:346) ­ HHH000021: Bytecode provider name : javassist
2022-12-27 08:41:36,718 [main] INFO (Configuration.java:2109) ­ HHH000044: Configuring from URL: file:/D:/Andri/Project/Pembukuan%205/build/classes/hibernate.cfg.xml
2022-12-27 08:41:36,764 [main] WARN (DTDEntityResolver.java:75) ­ HHH000223: Recognized obsolete hibernate namespace http://hibernate.sourceforge.net/. Use namespace http://www.hibernate.org/dtd/ instead. Refer to Hibernate 3.6 Migration Guide!
2022-12-27 08:41:36,807 [main] INFO (Configuration.java:2214) ­ HHH000041: Configured SessionFactory: null
2022-12-27 08:41:37,191 [main] INFO (Dialect.java:145) ­ HHH000400: Using dialect: org.hibernate.dialect.H2Dialect
2022-12-27 08:41:37,495 [main] INFO (TransactionFactoryInitiator.java:62) ­ HHH000399: Using default transaction strategy (direct JDBC transactions)
2022-12-27 08:41:37,496 [main] INFO (ASTQueryTranslatorFactory.java:47) ­ HHH000397: Using ASTQueryTranslatorFactory
2022-12-27 08:41:37,929 [main] INFO (HibernateTransactionManager.java:341) ­ Using DataSource [org.springframework.jdbc.datasource.DriverManagerDataSource@2b680207] of Hibernate SessionFactory for HibernateTransactionManager
2022-12-27 08:41:41,962 [AWT-EventQueue-0] WARN (DefaultExtensionsRegistry.java:194) ­ Extension resource jar:file:/D:/Andri/Project/Pembukuan%205/lib/jasperreports-javaflow-6.4.3.jar!/jasperreports_extension.properties was found to be a duplicate of jar:file:/D:/Andri/Project/Pembukuan%205/lib/jasperreports-6.4.3.jar!/jasperreports_extension.properties in classloader jdk.internal.loader.ClassLoaders$AppClassLoader@73d16e93
2022-12-27 08:44:56,185 [Thread-1] INFO (AbstractApplicationContext.java:873) ­ Closing org.springframework.context.support.ClassPathXmlApplicationContext@6fe7aac8: startup date [Tue Dec 27 08:41:36 WIB 2022]; root of context hierarchy
2022-12-27 08:46:09,059 [main] INFO (AbstractApplicationContext.java:513) ­ Refreshing org.springframework.context.support.ClassPathXmlApplicationContext@7ca48474: startup date [Tue Dec 27 08:46:09 WIB 2022]; root of context hierarchy
2022-12-27 08:46:09,350 [main] INFO (XmlBeanDefinitionReader.java:316) ­ Loading XML bean definitions from class path resource [applicationContext.xml]
2022-12-27 08:46:10,096 [main] INFO (PropertiesLoaderSupport.java:172) ­ Loading properties file from class path resource [database.properties]
2022-12-27 08:46:10,185 [main] INFO (DriverManagerDataSource.java:133) ­ Loaded JDBC driver: org.h2.Driver
2022-12-27 08:46:10,333 [main] INFO (JavaReflectionManager.java:66) ­ HCANN000001: Hibernate Commons Annotations {4.0.4.Final}
2022-12-27 08:46:10,334 [main] INFO (Version.java:54) ­ HHH000412: Hibernate Core {4.3.1.Final}
2022-12-27 08:46:10,342 [main] INFO (Environment.java:239) ­ HHH000206: hibernate.properties not found
2022-12-27 08:46:10,346 [main] INFO (Environment.java:346) ­ HHH000021: Bytecode provider name : javassist
2022-12-27 08:46:10,369 [main] INFO (Configuration.java:2109) ­ HHH000044: Configuring from URL: file:/D:/Andri/Project/Pembukuan%205/build/classes/hibernate.cfg.xml
2022-12-27 08:46:10,431 [main] WARN (DTDEntityResolver.java:75) ­ HHH000223: Recognized obsolete hibernate namespace http://hibernate.sourceforge.net/. Use namespace http://www.hibernate.org/dtd/ instead. Refer to Hibernate 3.6 Migration Guide!
2022-12-27 08:46:10,492 [main] INFO (Configuration.java:2214) ­ HHH000041: Configured SessionFactory: null
2022-12-27 08:46:11,134 [main] INFO (Dialect.java:145) ­ HHH000400: Using dialect: org.hibernate.dialect.H2Dialect
2022-12-27 08:46:11,505 [main] INFO (TransactionFactoryInitiator.java:62) ­ HHH000399: Using default transaction strategy (direct JDBC transactions)
2022-12-27 08:46:11,506 [main] INFO (ASTQueryTranslatorFactory.java:47) ­ HHH000397: Using ASTQueryTranslatorFactory
2022-12-27 08:46:12,047 [main] INFO (HibernateTransactionManager.java:341) ­ Using DataSource [org.springframework.jdbc.datasource.DriverManagerDataSource@6daf7d37] of Hibernate SessionFactory for HibernateTransactionManager
2022-12-27 08:46:12,048 [main] INFO (Configuration.java:2073) ­ HHH000043: Configuring from resource: hibernate.cfg.xml
2022-12-27 08:46:12,048 [main] INFO (Configuration.java:2092) ­ HHH000040: Configuration resource: hibernate.cfg.xml
2022-12-27 08:46:12,048 [main] WARN (DTDEntityResolver.java:75) ­ HHH000223: Recognized obsolete hibernate namespace http://hibernate.sourceforge.net/. Use namespace http://www.hibernate.org/dtd/ instead. Refer to Hibernate 3.6 Migration Guide!
2022-12-27 08:46:12,066 [main] INFO (Configuration.java:2214) ­ HHH000041: Configured SessionFactory: null
2022-12-27 08:46:12,095 [main] INFO (Dialect.java:145) ­ HHH000400: Using dialect: org.hibernate.dialect.H2Dialect
2022-12-27 08:46:12,123 [main] INFO (SchemaExport.java:343) ­ HHH000227: Running hbm2ddl schema export
2022-12-27 08:46:12,128 [main] ERROR (SchemaExport.java:425) ­ HHH000389: Unsuccessful: alter table Belanja drop constraint FK_h8a3undjmw5c2ys2u52nccsic if exists
2022-12-27 08:46:12,143 [main] ERROR (SchemaExport.java:426) ­ Table "BELANJA" not found; SQL statement:

    alter table Belanja 
        drop constraint FK_h8a3undjmw5c2ys2u52nccsic if e [42102-214]
2022-12-27 08:46:12,143 [main] ERROR (SchemaExport.java:425) ­ HHH000389: Unsuccessful: alter table BelanjaDetail drop constraint FK_6svkgbgrweqmebo2013o0pstk if exists
2022-12-27 08:46:12,143 [main] ERROR (SchemaExport.java:426) ­ Table "BELANJADETAIL" not found; SQL statement:

    alter table BelanjaDetail 
        drop constraint FK_6svkgbgrweqmebo2013o0pstk if e [42102-214]
2022-12-27 08:46:12,143 [main] ERROR (SchemaExport.java:425) ­ HHH000389: Unsuccessful: alter table JurnalUmumModel drop constraint FK_jajoh99egb76rvtyasq2urw2a if exists
2022-12-27 08:46:12,143 [main] ERROR (SchemaExport.java:426) ­ Table "JURNALUMUMMODEL" not found; SQL statement:

    alter table JurnalUmumModel 
        drop constraint FK_jajoh99egb76rvtyasq2urw2a if e [42102-214]
2022-12-27 08:46:12,143 [main] ERROR (SchemaExport.java:425) ­ HHH000389: Unsuccessful: alter table JurnalUmumModel drop constraint FK_2eseju2v3kg2s91xqxdop3dl2 if exists
2022-12-27 08:46:12,148 [main] ERROR (SchemaExport.java:426) ­ Table "JURNALUMUMMODEL" not found; SQL statement:

    alter table JurnalUmumModel 
        drop constraint FK_2eseju2v3kg2s91xqxdop3dl2 if e [42102-214]
2022-12-27 08:46:12,148 [main] ERROR (SchemaExport.java:425) ­ HHH000389: Unsuccessful: alter table JurnalUmumPribadi drop constraint FK_oeyel90wiciuopx97o7ny2de9 if exists
2022-12-27 08:46:12,148 [main] ERROR (SchemaExport.java:426) ­ Table "JURNALUMUMPRIBADI" not found; SQL statement:

    alter table JurnalUmumPribadi 
        drop constraint FK_oeyel90wiciuopx97o7ny2de9 if e [42102-214]
2022-12-27 08:46:12,153 [main] ERROR (SchemaExport.java:425) ­ HHH000389: Unsuccessful: alter table JurnalUmumPribadi drop constraint FK_b2j3ckj8lbmk8fn4h3ueqllu7 if exists
2022-12-27 08:46:12,153 [main] ERROR (SchemaExport.java:426) ­ Table "JURNALUMUMPRIBADI" not found; SQL statement:

    alter table JurnalUmumPribadi 
        drop constraint FK_b2j3ckj8lbmk8fn4h3ueqllu7 if e [42102-214]
2022-12-27 08:46:12,159 [main] ERROR (SchemaExport.java:425) ­ HHH000389: Unsuccessful: alter table Pesanan drop constraint FK_c3uvbwxlltqr29mmqdwrq2iii if exists
2022-12-27 08:46:12,159 [main] ERROR (SchemaExport.java:426) ­ Table "PESANAN" not found; SQL statement:

    alter table Pesanan 
        drop constraint FK_c3uvbwxlltqr29mmqdwrq2iii if e [42102-214]
2022-12-27 08:46:12,159 [main] ERROR (SchemaExport.java:425) ­ HHH000389: Unsuccessful: alter table PesananDetail drop constraint FK_cn1ndymv9ws5y6ejeh5fqe5e7 if exists
2022-12-27 08:46:12,159 [main] ERROR (SchemaExport.java:426) ­ Table "PESANANDETAIL" not found; SQL statement:

    alter table PesananDetail 
        drop constraint FK_cn1ndymv9ws5y6ejeh5fqe5e7 if e [42102-214]
2022-12-27 08:46:12,159 [main] ERROR (SchemaExport.java:425) ­ HHH000389: Unsuccessful: alter table PesananDetail drop constraint FK_48itmrq8ka907bjy4oy94xfsu if exists
2022-12-27 08:46:12,159 [main] ERROR (SchemaExport.java:426) ­ Table "PESANANDETAIL" not found; SQL statement:

    alter table PesananDetail 
        drop constraint FK_48itmrq8ka907bjy4oy94xfsu if e [42102-214]
2022-12-27 08:46:12,174 [main] ERROR (SchemaExport.java:425) ­ HHH000389: Unsuccessful: drop table User if exists
2022-12-27 08:46:12,174 [main] ERROR (SchemaExport.java:426) ­ Syntax error in SQL statement "\000a    drop table [*]User if exists"; expected "identifier"; SQL statement:

    drop table User if exists [42001-214]
2022-12-27 08:46:12,218 [main] ERROR (SchemaExport.java:425) ­ HHH000389: Unsuccessful: create table User (id varchar(255) not null, pass varchar(255) not null, username varchar(255) not null, primary key (id))
2022-12-27 08:46:12,218 [main] ERROR (SchemaExport.java:426) ­ Syntax error in SQL statement "\000a    create table [*]User (\000a        id varchar(255) not null,\000a        pass varchar(255) not null,\000a        username varchar(255) not null,\000a        primary key (id)\000a    )"; expected "identifier"; SQL statement:

    create table User (
        id varchar(255) not null,
        pass varchar(255) not null,
        username varchar(255) not null,
        primary key (id)
    ) [42001-214]
2022-12-27 08:46:12,219 [main] ERROR (SchemaExport.java:425) ­ HHH000389: Unsuccessful: alter table User add constraint UK_jreodf78a7pl5qidfh43axdfb  unique (username)
2022-12-27 08:46:12,253 [main] ERROR (SchemaExport.java:426) ­ Syntax error in SQL statement "\000a    alter table [*]User \000a        add constraint UK_jreodf78a7pl5qidfh43axdfb  unique (username)"; expected "identifier"; SQL statement:

    alter table User 
        add constraint UK_jreodf78a7pl5qidfh43axdfb  unique (username) [42001-214]
2022-12-27 08:46:12,319 [main] INFO (SchemaExport.java:405) ­ HHH000230: Schema export complete
2022-12-27 08:46:12,319 [main] INFO (Dialect.java:145) ­ HHH000400: Using dialect: org.hibernate.dialect.H2Dialect
2022-12-27 08:46:12,319 [main] INFO (Dialect.java:145) ­ HHH000400: Using dialect: org.hibernate.dialect.H2Dialect
2022-12-27 08:46:12,319 [main] INFO (SchemaExport.java:343) ­ HHH000227: Running hbm2ddl schema export
2022-12-27 08:46:12,491 [main] ERROR (SchemaExport.java:425) ­ HHH000389: Unsuccessful: drop table User if exists
2022-12-27 08:46:12,494 [main] ERROR (SchemaExport.java:426) ­ Syntax error in SQL statement "\000a    drop table [*]User if exists"; expected "identifier"; SQL statement:

    drop table User if exists [42001-214]
2022-12-27 08:46:12,590 [main] ERROR (SchemaExport.java:425) ­ HHH000389: Unsuccessful: create table User (id varchar(255) not null, pass varchar(255) not null, username varchar(255) not null, primary key (id))
2022-12-27 08:46:12,590 [main] ERROR (SchemaExport.java:426) ­ Syntax error in SQL statement "\000a    create table [*]User (\000a        id varchar(255) not null,\000a        pass varchar(255) not null,\000a        username varchar(255) not null,\000a        primary key (id)\000a    )"; expected "identifier"; SQL statement:

    create table User (
        id varchar(255) not null,
        pass varchar(255) not null,
        username varchar(255) not null,
        primary key (id)
    ) [42001-214]
2022-12-27 08:46:12,593 [main] ERROR (SchemaExport.java:425) ­ HHH000389: Unsuccessful: alter table User add constraint UK_jreodf78a7pl5qidfh43axdfb  unique (username)
2022-12-27 08:46:12,593 [main] ERROR (SchemaExport.java:426) ­ Syntax error in SQL statement "\000a    alter table [*]User \000a        add constraint UK_jreodf78a7pl5qidfh43axdfb  unique (username)"; expected "identifier"; SQL statement:

    alter table User 
        add constraint UK_jreodf78a7pl5qidfh43axdfb  unique (username) [42001-214]
2022-12-27 08:46:12,694 [main] INFO (SchemaExport.java:405) ­ HHH000230: Schema export complete
2022-12-27 08:46:12,806 [Thread-1] INFO (AbstractApplicationContext.java:873) ­ Closing org.springframework.context.support.ClassPathXmlApplicationContext@7ca48474: startup date [Tue Dec 27 08:46:09 WIB 2022]; root of context hierarchy
2022-12-27 08:49:42,228 [main] INFO (AbstractApplicationContext.java:513) ­ Refreshing org.springframework.context.support.ClassPathXmlApplicationContext@7ca48474: startup date [Tue Dec 27 08:49:42 WIB 2022]; root of context hierarchy
2022-12-27 08:49:42,272 [main] INFO (XmlBeanDefinitionReader.java:316) ­ Loading XML bean definitions from class path resource [applicationContext.xml]
2022-12-27 08:49:42,710 [main] INFO (PropertiesLoaderSupport.java:172) ­ Loading properties file from class path resource [database.properties]
2022-12-27 08:49:42,775 [main] INFO (DriverManagerDataSource.java:133) ­ Loaded JDBC driver: org.h2.Driver
2022-12-27 08:49:42,866 [main] INFO (JavaReflectionManager.java:66) ­ HCANN000001: Hibernate Commons Annotations {4.0.4.Final}
2022-12-27 08:49:42,867 [main] INFO (Version.java:54) ­ HHH000412: Hibernate Core {4.3.1.Final}
2022-12-27 08:49:42,874 [main] INFO (Environment.java:239) ­ HHH000206: hibernate.properties not found
2022-12-27 08:49:42,876 [main] INFO (Environment.java:346) ­ HHH000021: Bytecode provider name : javassist
2022-12-27 08:49:42,878 [main] INFO (Configuration.java:2109) ­ HHH000044: Configuring from URL: file:/D:/Andri/Project/Pembukuan%205/build/classes/hibernate.cfg.xml
2022-12-27 08:49:42,914 [main] WARN (DTDEntityResolver.java:75) ­ HHH000223: Recognized obsolete hibernate namespace http://hibernate.sourceforge.net/. Use namespace http://www.hibernate.org/dtd/ instead. Refer to Hibernate 3.6 Migration Guide!
2022-12-27 08:49:42,957 [main] INFO (Configuration.java:2214) ­ HHH000041: Configured SessionFactory: null
2022-12-27 08:49:43,317 [main] INFO (Dialect.java:145) ­ HHH000400: Using dialect: org.hibernate.dialect.H2Dialect
2022-12-27 08:49:43,667 [main] INFO (TransactionFactoryInitiator.java:62) ­ HHH000399: Using default transaction strategy (direct JDBC transactions)
2022-12-27 08:49:43,677 [main] INFO (ASTQueryTranslatorFactory.java:47) ­ HHH000397: Using ASTQueryTranslatorFactory
2022-12-27 08:49:44,014 [main] INFO (HibernateTransactionManager.java:341) ­ Using DataSource [org.springframework.jdbc.datasource.DriverManagerDataSource@741f8dbe] of Hibernate SessionFactory for HibernateTransactionManager
2022-12-27 08:49:44,020 [main] INFO (Configuration.java:2073) ­ HHH000043: Configuring from resource: hibernate.cfg.xml
2022-12-27 08:49:44,020 [main] INFO (Configuration.java:2092) ­ HHH000040: Configuration resource: hibernate.cfg.xml
2022-12-27 08:49:44,020 [main] WARN (DTDEntityResolver.java:75) ­ HHH000223: Recognized obsolete hibernate namespace http://hibernate.sourceforge.net/. Use namespace http://www.hibernate.org/dtd/ instead. Refer to Hibernate 3.6 Migration Guide!
2022-12-27 08:49:44,020 [main] INFO (Configuration.java:2214) ­ HHH000041: Configured SessionFactory: null
2022-12-27 08:49:44,044 [main] INFO (Dialect.java:145) ­ HHH000400: Using dialect: org.hibernate.dialect.H2Dialect
2022-12-27 08:49:44,075 [main] INFO (SchemaExport.java:343) ­ HHH000227: Running hbm2ddl schema export
2022-12-27 08:49:44,078 [main] ERROR (SchemaExport.java:425) ­ HHH000389: Unsuccessful: alter table Belanja drop constraint FK_h8a3undjmw5c2ys2u52nccsic if exists
2022-12-27 08:49:44,082 [main] ERROR (SchemaExport.java:426) ­ Table "BELANJA" not found; SQL statement:

    alter table Belanja 
        drop constraint FK_h8a3undjmw5c2ys2u52nccsic if e [42102-214]
2022-12-27 08:49:44,082 [main] ERROR (SchemaExport.java:425) ­ HHH000389: Unsuccessful: alter table BelanjaDetail drop constraint FK_6svkgbgrweqmebo2013o0pstk if exists
2022-12-27 08:49:44,082 [main] ERROR (SchemaExport.java:426) ­ Table "BELANJADETAIL" not found; SQL statement:

    alter table BelanjaDetail 
        drop constraint FK_6svkgbgrweqmebo2013o0pstk if e [42102-214]
2022-12-27 08:49:44,088 [main] ERROR (SchemaExport.java:425) ­ HHH000389: Unsuccessful: alter table JurnalUmumModel drop constraint FK_jajoh99egb76rvtyasq2urw2a if exists
2022-12-27 08:49:44,088 [main] ERROR (SchemaExport.java:426) ­ Table "JURNALUMUMMODEL" not found; SQL statement:

    alter table JurnalUmumModel 
        drop constraint FK_jajoh99egb76rvtyasq2urw2a if e [42102-214]
2022-12-27 08:49:44,103 [main] ERROR (SchemaExport.java:425) ­ HHH000389: Unsuccessful: alter table JurnalUmumModel drop constraint FK_2eseju2v3kg2s91xqxdop3dl2 if exists
2022-12-27 08:49:44,103 [main] ERROR (SchemaExport.java:426) ­ Table "JURNALUMUMMODEL" not found; SQL statement:

    alter table JurnalUmumModel 
        drop constraint FK_2eseju2v3kg2s91xqxdop3dl2 if e [42102-214]
2022-12-27 08:49:44,104 [main] ERROR (SchemaExport.java:425) ­ HHH000389: Unsuccessful: alter table JurnalUmumPribadi drop constraint FK_oeyel90wiciuopx97o7ny2de9 if exists
2022-12-27 08:49:44,104 [main] ERROR (SchemaExport.java:426) ­ Table "JURNALUMUMPRIBADI" not found; SQL statement:

    alter table JurnalUmumPribadi 
        drop constraint FK_oeyel90wiciuopx97o7ny2de9 if e [42102-214]
2022-12-27 08:49:44,104 [main] ERROR (SchemaExport.java:425) ­ HHH000389: Unsuccessful: alter table JurnalUmumPribadi drop constraint FK_b2j3ckj8lbmk8fn4h3ueqllu7 if exists
2022-12-27 08:49:44,104 [main] ERROR (SchemaExport.java:426) ­ Table "JURNALUMUMPRIBADI" not found; SQL statement:

    alter table JurnalUmumPribadi 
        drop constraint FK_b2j3ckj8lbmk8fn4h3ueqllu7 if e [42102-214]
2022-12-27 08:49:44,104 [main] ERROR (SchemaExport.java:425) ­ HHH000389: Unsuccessful: alter table Pesanan drop constraint FK_c3uvbwxlltqr29mmqdwrq2iii if exists
2022-12-27 08:49:44,104 [main] ERROR (SchemaExport.java:426) ­ Table "PESANAN" not found; SQL statement:

    alter table Pesanan 
        drop constraint FK_c3uvbwxlltqr29mmqdwrq2iii if e [42102-214]
2022-12-27 08:49:44,104 [main] ERROR (SchemaExport.java:425) ­ HHH000389: Unsuccessful: alter table PesananDetail drop constraint FK_cn1ndymv9ws5y6ejeh5fqe5e7 if exists
2022-12-27 08:49:44,104 [main] ERROR (SchemaExport.java:426) ­ Table "PESANANDETAIL" not found; SQL statement:

    alter table PesananDetail 
        drop constraint FK_cn1ndymv9ws5y6ejeh5fqe5e7 if e [42102-214]
2022-12-27 08:49:44,104 [main] ERROR (SchemaExport.java:425) ­ HHH000389: Unsuccessful: alter table PesananDetail drop constraint FK_48itmrq8ka907bjy4oy94xfsu if exists
2022-12-27 08:49:44,104 [main] ERROR (SchemaExport.java:426) ­ Table "PESANANDETAIL" not found; SQL statement:

    alter table PesananDetail 
        drop constraint FK_48itmrq8ka907bjy4oy94xfsu if e [42102-214]
2022-12-27 08:49:44,387 [main] INFO (SchemaExport.java:405) ­ HHH000230: Schema export complete
2022-12-27 08:49:44,387 [main] INFO (Dialect.java:145) ­ HHH000400: Using dialect: org.hibernate.dialect.H2Dialect
2022-12-27 08:49:44,404 [main] INFO (Dialect.java:145) ­ HHH000400: Using dialect: org.hibernate.dialect.H2Dialect
2022-12-27 08:49:44,408 [main] INFO (SchemaExport.java:343) ­ HHH000227: Running hbm2ddl schema export
2022-12-27 08:49:44,567 [main] INFO (SchemaExport.java:405) ­ HHH000230: Schema export complete
2022-12-27 08:49:44,670 [Thread-1] INFO (AbstractApplicationContext.java:873) ­ Closing org.springframework.context.support.ClassPathXmlApplicationContext@7ca48474: startup date [Tue Dec 27 08:49:42 WIB 2022]; root of context hierarchy
2022-12-27 08:50:02,517 [main] INFO (AbstractApplicationContext.java:513) ­ Refreshing org.springframework.context.support.ClassPathXmlApplicationContext@7ca48474: startup date [Tue Dec 27 08:50:02 WIB 2022]; root of context hierarchy
2022-12-27 08:50:02,559 [main] INFO (XmlBeanDefinitionReader.java:316) ­ Loading XML bean definitions from class path resource [applicationContext.xml]
2022-12-27 08:50:02,956 [main] INFO (PropertiesLoaderSupport.java:172) ­ Loading properties file from class path resource [database.properties]
2022-12-27 08:50:03,038 [main] INFO (DriverManagerDataSource.java:133) ­ Loaded JDBC driver: org.h2.Driver
2022-12-27 08:50:03,146 [main] INFO (JavaReflectionManager.java:66) ­ HCANN000001: Hibernate Commons Annotations {4.0.4.Final}
2022-12-27 08:50:03,147 [main] INFO (Version.java:54) ­ HHH000412: Hibernate Core {4.3.1.Final}
2022-12-27 08:50:03,156 [main] INFO (Environment.java:239) ­ HHH000206: hibernate.properties not found
2022-12-27 08:50:03,162 [main] INFO (Environment.java:346) ­ HHH000021: Bytecode provider name : javassist
2022-12-27 08:50:03,203 [main] INFO (Configuration.java:2109) ­ HHH000044: Configuring from URL: file:/D:/Andri/Project/Pembukuan%205/build/classes/hibernate.cfg.xml
2022-12-27 08:50:03,236 [main] WARN (DTDEntityResolver.java:75) ­ HHH000223: Recognized obsolete hibernate namespace http://hibernate.sourceforge.net/. Use namespace http://www.hibernate.org/dtd/ instead. Refer to Hibernate 3.6 Migration Guide!
2022-12-27 08:50:03,277 [main] INFO (Configuration.java:2214) ­ HHH000041: Configured SessionFactory: null
2022-12-27 08:50:03,636 [main] INFO (Dialect.java:145) ­ HHH000400: Using dialect: org.hibernate.dialect.H2Dialect
2022-12-27 08:50:04,305 [main] INFO (TransactionFactoryInitiator.java:62) ­ HHH000399: Using default transaction strategy (direct JDBC transactions)
2022-12-27 08:50:04,309 [main] INFO (ASTQueryTranslatorFactory.java:47) ­ HHH000397: Using ASTQueryTranslatorFactory
2022-12-27 08:50:04,753 [main] INFO (HibernateTransactionManager.java:341) ­ Using DataSource [org.springframework.jdbc.datasource.DriverManagerDataSource@741f8dbe] of Hibernate SessionFactory for HibernateTransactionManager
2022-12-27 08:50:04,754 [main] INFO (Configuration.java:2073) ­ HHH000043: Configuring from resource: hibernate.cfg.xml
2022-12-27 08:50:04,754 [main] INFO (Configuration.java:2092) ­ HHH000040: Configuration resource: hibernate.cfg.xml
2022-12-27 08:50:04,754 [main] WARN (DTDEntityResolver.java:75) ­ HHH000223: Recognized obsolete hibernate namespace http://hibernate.sourceforge.net/. Use namespace http://www.hibernate.org/dtd/ instead. Refer to Hibernate 3.6 Migration Guide!
2022-12-27 08:50:04,777 [main] INFO (Configuration.java:2214) ­ HHH000041: Configured SessionFactory: null
2022-12-27 08:50:04,805 [main] INFO (Dialect.java:145) ­ HHH000400: Using dialect: org.hibernate.dialect.H2Dialect
2022-12-27 08:50:04,850 [main] INFO (SchemaExport.java:343) ­ HHH000227: Running hbm2ddl schema export
2022-12-27 08:50:04,860 [main] ERROR (SchemaExport.java:425) ­ HHH000389: Unsuccessful: alter table Belanja drop constraint FK_h8a3undjmw5c2ys2u52nccsic if exists
2022-12-27 08:50:04,863 [main] ERROR (SchemaExport.java:426) ­ Table "BELANJA" not found; SQL statement:

    alter table Belanja 
        drop constraint FK_h8a3undjmw5c2ys2u52nccsic if e [42102-214]
2022-12-27 08:50:04,864 [main] ERROR (SchemaExport.java:425) ­ HHH000389: Unsuccessful: alter table BelanjaDetail drop constraint FK_6svkgbgrweqmebo2013o0pstk if exists
2022-12-27 08:50:04,864 [main] ERROR (SchemaExport.java:426) ­ Table "BELANJADETAIL" not found; SQL statement:

    alter table BelanjaDetail 
        drop constraint FK_6svkgbgrweqmebo2013o0pstk if e [42102-214]
2022-12-27 08:50:04,867 [main] ERROR (SchemaExport.java:425) ­ HHH000389: Unsuccessful: alter table JurnalUmumModel drop constraint FK_jajoh99egb76rvtyasq2urw2a if exists
2022-12-27 08:50:04,867 [main] ERROR (SchemaExport.java:426) ­ Table "JURNALUMUMMODEL" not found; SQL statement:

    alter table JurnalUmumModel 
        drop constraint FK_jajoh99egb76rvtyasq2urw2a if e [42102-214]
2022-12-27 08:50:04,919 [main] ERROR (SchemaExport.java:425) ­ HHH000389: Unsuccessful: alter table JurnalUmumModel drop constraint FK_2eseju2v3kg2s91xqxdop3dl2 if exists
2022-12-27 08:50:04,919 [main] ERROR (SchemaExport.java:426) ­ Table "JURNALUMUMMODEL" not found; SQL statement:

    alter table JurnalUmumModel 
        drop constraint FK_2eseju2v3kg2s91xqxdop3dl2 if e [42102-214]
2022-12-27 08:50:04,932 [main] ERROR (SchemaExport.java:425) ­ HHH000389: Unsuccessful: alter table JurnalUmumPribadi drop constraint FK_oeyel90wiciuopx97o7ny2de9 if exists
2022-12-27 08:50:04,932 [main] ERROR (SchemaExport.java:426) ­ Table "JURNALUMUMPRIBADI" not found; SQL statement:

    alter table JurnalUmumPribadi 
        drop constraint FK_oeyel90wiciuopx97o7ny2de9 if e [42102-214]
2022-12-27 08:50:04,933 [main] ERROR (SchemaExport.java:425) ­ HHH000389: Unsuccessful: alter table JurnalUmumPribadi drop constraint FK_b2j3ckj8lbmk8fn4h3ueqllu7 if exists
2022-12-27 08:50:04,933 [main] ERROR (SchemaExport.java:426) ­ Table "JURNALUMUMPRIBADI" not found; SQL statement:

    alter table JurnalUmumPribadi 
        drop constraint FK_b2j3ckj8lbmk8fn4h3ueqllu7 if e [42102-214]
2022-12-27 08:50:04,934 [main] ERROR (SchemaExport.java:425) ­ HHH000389: Unsuccessful: alter table Pesanan drop constraint FK_c3uvbwxlltqr29mmqdwrq2iii if exists
2022-12-27 08:50:04,934 [main] ERROR (SchemaExport.java:426) ­ Table "PESANAN" not found; SQL statement:

    alter table Pesanan 
        drop constraint FK_c3uvbwxlltqr29mmqdwrq2iii if e [42102-214]
2022-12-27 08:50:04,935 [main] ERROR (SchemaExport.java:425) ­ HHH000389: Unsuccessful: alter table PesananDetail drop constraint FK_cn1ndymv9ws5y6ejeh5fqe5e7 if exists
2022-12-27 08:50:04,935 [main] ERROR (SchemaExport.java:426) ­ Table "PESANANDETAIL" not found; SQL statement:

    alter table PesananDetail 
        drop constraint FK_cn1ndymv9ws5y6ejeh5fqe5e7 if e [42102-214]
2022-12-27 08:50:04,935 [main] ERROR (SchemaExport.java:425) ­ HHH000389: Unsuccessful: alter table PesananDetail drop constraint FK_48itmrq8ka907bjy4oy94xfsu if exists
2022-12-27 08:50:04,936 [main] ERROR (SchemaExport.java:426) ­ Table "PESANANDETAIL" not found; SQL statement:

    alter table PesananDetail 
        drop constraint FK_48itmrq8ka907bjy4oy94xfsu if e [42102-214]
2022-12-27 08:50:05,069 [main] INFO (SchemaExport.java:405) ­ HHH000230: Schema export complete
2022-12-27 08:50:05,079 [main] INFO (Dialect.java:145) ­ HHH000400: Using dialect: org.hibernate.dialect.H2Dialect
2022-12-27 08:50:05,079 [main] INFO (Dialect.java:145) ­ HHH000400: Using dialect: org.hibernate.dialect.H2Dialect
2022-12-27 08:50:05,079 [main] INFO (SchemaExport.java:343) ­ HHH000227: Running hbm2ddl schema export
2022-12-27 08:50:05,312 [main] INFO (SchemaExport.java:405) ­ HHH000230: Schema export complete
2022-12-27 08:50:05,379 [Thread-1] INFO (AbstractApplicationContext.java:873) ­ Closing org.springframework.context.support.ClassPathXmlApplicationContext@7ca48474: startup date [Tue Dec 27 08:50:02 WIB 2022]; root of context hierarchy
2022-12-27 08:50:25,483 [main] INFO (AbstractApplicationContext.java:513) ­ Refreshing org.springframework.context.support.ClassPathXmlApplicationContext@6fe7aac8: startup date [Tue Dec 27 08:50:25 WIB 2022]; root of context hierarchy
2022-12-27 08:50:25,501 [main] INFO (XmlBeanDefinitionReader.java:316) ­ Loading XML bean definitions from URL [file:/D:/Andri/Project/Pembukuan%205/build/classes/applicationContext.xml]
2022-12-27 08:50:25,869 [main] INFO (PropertiesLoaderSupport.java:172) ­ Loading properties file from class path resource [database.properties]
2022-12-27 08:50:25,948 [main] INFO (DriverManagerDataSource.java:133) ­ Loaded JDBC driver: org.h2.Driver
2022-12-27 08:50:26,050 [main] INFO (JavaReflectionManager.java:66) ­ HCANN000001: Hibernate Commons Annotations {4.0.4.Final}
2022-12-27 08:50:26,052 [main] INFO (Version.java:54) ­ HHH000412: Hibernate Core {4.3.1.Final}
2022-12-27 08:50:26,058 [main] INFO (Environment.java:239) ­ HHH000206: hibernate.properties not found
2022-12-27 08:50:26,060 [main] INFO (Environment.java:346) ­ HHH000021: Bytecode provider name : javassist
2022-12-27 08:50:26,063 [main] INFO (Configuration.java:2109) ­ HHH000044: Configuring from URL: file:/D:/Andri/Project/Pembukuan%205/build/classes/hibernate.cfg.xml
2022-12-27 08:50:26,107 [main] WARN (DTDEntityResolver.java:75) ­ HHH000223: Recognized obsolete hibernate namespace http://hibernate.sourceforge.net/. Use namespace http://www.hibernate.org/dtd/ instead. Refer to Hibernate 3.6 Migration Guide!
2022-12-27 08:50:26,150 [main] INFO (Configuration.java:2214) ­ HHH000041: Configured SessionFactory: null
2022-12-27 08:50:26,362 [main] WARN (JdbcServicesImpl.java:204) ­ HHH000342: Could not obtain connection to query metadata : Database may be already in use: "D:/Andri/Project/Pembukuan 5/database/pembukuan.mv.db". Possible solutions: close all other connection(s); use the server mode [90020-214]
2022-12-27 08:50:26,367 [main] INFO (Dialect.java:145) ­ HHH000400: Using dialect: org.hibernate.dialect.H2Dialect
2022-12-27 08:50:26,378 [main] INFO (LobCreatorBuilder.java:88) ­ HHH000422: Disabling contextual LOB creation as connection was null
2022-12-27 08:50:26,505 [main] INFO (TransactionFactoryInitiator.java:62) ­ HHH000399: Using default transaction strategy (direct JDBC transactions)
2022-12-27 08:50:26,506 [main] INFO (ASTQueryTranslatorFactory.java:47) ­ HHH000397: Using ASTQueryTranslatorFactory
2022-12-27 08:50:26,982 [main] INFO (HibernateTransactionManager.java:341) ­ Using DataSource [org.springframework.jdbc.datasource.DriverManagerDataSource@33899f7a] of Hibernate SessionFactory for HibernateTransactionManager
2022-12-27 08:50:54,025 [AWT-EventQueue-0] WARN (DefaultExtensionsRegistry.java:194) ­ Extension resource jar:file:/D:/Andri/Project/Pembukuan%205/lib/jasperreports-javaflow-6.4.3.jar!/jasperreports_extension.properties was found to be a duplicate of jar:file:/D:/Andri/Project/Pembukuan%205/lib/jasperreports-6.4.3.jar!/jasperreports_extension.properties in classloader jdk.internal.loader.ClassLoaders$AppClassLoader@73d16e93
2022-12-27 08:51:41,159 [Thread-0] INFO (AbstractApplicationContext.java:873) ­ Closing org.springframework.context.support.ClassPathXmlApplicationContext@6fe7aac8: startup date [Tue Dec 27 08:50:25 WIB 2022]; root of context hierarchy
2022-12-27 08:52:11,989 [main] INFO (AbstractApplicationContext.java:513) ­ Refreshing org.springframework.context.support.ClassPathXmlApplicationContext@6fe7aac8: startup date [Tue Dec 27 08:52:11 WIB 2022]; root of context hierarchy
2022-12-27 08:52:12,037 [main] INFO (XmlBeanDefinitionReader.java:316) ­ Loading XML bean definitions from URL [file:/D:/Andri/Project/Pembukuan%205/build/classes/applicationContext.xml]
2022-12-27 08:52:13,187 [main] INFO (PropertiesLoaderSupport.java:172) ­ Loading properties file from class path resource [database.properties]
2022-12-27 08:52:13,326 [main] INFO (DriverManagerDataSource.java:133) ­ Loaded JDBC driver: org.h2.Driver
2022-12-27 08:52:13,579 [main] INFO (JavaReflectionManager.java:66) ­ HCANN000001: Hibernate Commons Annotations {4.0.4.Final}
2022-12-27 08:52:13,617 [main] INFO (Version.java:54) ­ HHH000412: Hibernate Core {4.3.1.Final}
2022-12-27 08:52:13,621 [main] INFO (Environment.java:239) ­ HHH000206: hibernate.properties not found
2022-12-27 08:52:13,622 [main] INFO (Environment.java:346) ­ HHH000021: Bytecode provider name : javassist
2022-12-27 08:52:13,695 [main] INFO (Configuration.java:2109) ­ HHH000044: Configuring from URL: file:/D:/Andri/Project/Pembukuan%205/build/classes/hibernate.cfg.xml
2022-12-27 08:52:13,807 [main] WARN (DTDEntityResolver.java:75) ­ HHH000223: Recognized obsolete hibernate namespace http://hibernate.sourceforge.net/. Use namespace http://www.hibernate.org/dtd/ instead. Refer to Hibernate 3.6 Migration Guide!
2022-12-27 08:52:13,857 [main] INFO (Configuration.java:2214) ­ HHH000041: Configured SessionFactory: null
2022-12-27 08:52:14,959 [main] INFO (Dialect.java:145) ­ HHH000400: Using dialect: org.hibernate.dialect.H2Dialect
2022-12-27 08:52:15,443 [main] INFO (TransactionFactoryInitiator.java:62) ­ HHH000399: Using default transaction strategy (direct JDBC transactions)
2022-12-27 08:52:15,460 [main] INFO (ASTQueryTranslatorFactory.java:47) ­ HHH000397: Using ASTQueryTranslatorFactory
2022-12-27 08:52:16,207 [main] INFO (HibernateTransactionManager.java:341) ­ Using DataSource [org.springframework.jdbc.datasource.DriverManagerDataSource@49d831c2] of Hibernate SessionFactory for HibernateTransactionManager
2022-12-27 08:52:30,094 [AWT-EventQueue-0] WARN (DefaultExtensionsRegistry.java:194) ­ Extension resource jar:file:/D:/Andri/Project/Pembukuan%205/lib/jasperreports-javaflow-6.4.3.jar!/jasperreports_extension.properties was found to be a duplicate of jar:file:/D:/Andri/Project/Pembukuan%205/lib/jasperreports-6.4.3.jar!/jasperreports_extension.properties in classloader jdk.internal.loader.ClassLoaders$AppClassLoader@73d16e93
2022-12-27 08:54:02,271 [Thread-1] INFO (AbstractApplicationContext.java:873) ­ Closing org.springframework.context.support.ClassPathXmlApplicationContext@6fe7aac8: startup date [Tue Dec 27 08:52:11 WIB 2022]; root of context hierarchy
